Using pre-set license
Built from '2020.3/staging' branch; Version is '2020.3.17f1 (a4537701e4ab) revision 10769271'; Using compiler version '192528614'; Build Type 'Release'
OS: 'Windows 10 Home; OS build 19044.1706; Version 2009; 64bit' Language: 'ko' Physical Memory: 24487 MB
BatchMode: 1, IsHumanControllingUs: 0, StartBugReporterOnCrash: 0, Is64bit: 1, IsPro: 0

COMMAND LINE ARGUMENTS:
D:\unity\2020.3.17f1\Editor\Unity.exe
-adb2
-batchMode
-noUpm
-name
AssetImportWorker0
-projectPath
D:/unity/project/NightOfSurvival
-logFile
Logs/AssetImportWorker0.log
-srvPort
58053
Successfully changed project path to: D:/unity/project/NightOfSurvival
D:/unity/project/NightOfSurvival
Using Asset Import Pipeline V2.
Refreshing native plugins compatible for Editor in 46.04 ms, found 2 plugins.
Preloading 0 native plugins for Editor in 0.00 ms.
Initialize engine version: 2020.3.17f1 (a4537701e4ab)
[Subsystems] Discovering subsystems at path D:/unity/2020.3.17f1/Editor/Data/Resources/UnitySubsystems
[Subsystems] Discovering subsystems at path D:/unity/project/NightOfSurvival/Assets
GfxDevice: creating device client; threaded=0
Direct3D:
    Version:  Direct3D 11.0 [level 11.1]
    Renderer: NVIDIA GeForce GTX 1650 (ID=0x1f82)
    Vendor:   
    VRAM:     3962 MB
    Driver:   27.21.14.6172
Initialize mono
Mono path[0] = 'D:/unity/2020.3.17f1/Editor/Data/Managed'
Mono path[1] = 'D:/unity/2020.3.17f1/Editor/Data/MonoBleedingEdge/lib/mono/unityjit'
Mono config path = 'D:/unity/2020.3.17f1/Editor/Data/MonoBleedingEdge/etc'
Using monoOptions --debugger-agent=transport=dt_socket,embedding=1,server=y,suspend=n,address=127.0.0.1:56640
Begin MonoManager ReloadAssembly
Registering precompiled unity dll's ...
Register platform support module: D:/unity/2020.3.17f1/Editor/Data/PlaybackEngines/WebGLSupport/UnityEditor.WebGL.Extensions.dll
Register platform support module: D:/unity/2020.3.17f1/Editor/Data/PlaybackEngines/WindowsStandaloneSupport/UnityEditor.WindowsStandalone.Extensions.dll
Registered in 0.013991 seconds.
Native extension for WindowsStandalone target not found
Native extension for WebGL target not found
Refreshing native plugins compatible for Editor in 47.88 ms, found 2 plugins.
Preloading 0 native plugins for Editor in 0.00 ms.
Mono: successfully reloaded assembly
- Completed reload, in  2.577 seconds
Domain Reload Profiling:
	ReloadAssembly (2578ms)
		BeginReloadAssembly (97ms)
			ExecutionOrderSort (0ms)
			DisableScriptedObjects (0ms)
			BackupInstance (0ms)
			ReleaseScriptingObjects (0ms)
			CreateAndSetChildDomain (1ms)
		EndReloadAssembly (470ms)
			LoadAssemblies (93ms)
			RebuildTransferFunctionScriptingTraits (0ms)
			SetupTypeCache (157ms)
			ReleaseScriptCaches (0ms)
			RebuildScriptCaches (38ms)
			SetupLoadedEditorAssemblies (184ms)
				LogAssemblyErrors (0ms)
				InitializePlatformSupportModulesInManaged (6ms)
				SetLoadedEditorAssemblies (1ms)
				RefreshPlugins (48ms)
				BeforeProcessingInitializeOnLoad (17ms)
				ProcessInitializeOnLoadAttributes (84ms)
				ProcessInitializeOnLoadMethodAttributes (28ms)
				AfterProcessingInitializeOnLoad (0ms)
				EditorAssembliesLoaded (0ms)
			ExecutionOrderSort2 (0ms)
			AwakeInstancesAfterBackupRestoration (0ms)
Platform modules already initialized, skipping
Registering precompiled user dll's ...
Registered in 0.011596 seconds.
Begin MonoManager ReloadAssembly
Native extension for WindowsStandalone target not found
Native extension for WebGL target not found
Refreshing native plugins compatible for Editor in 0.51 ms, found 2 plugins.
Preloading 0 native plugins for Editor in 0.00 ms.
Mono: successfully reloaded assembly
- Completed reload, in  1.232 seconds
Domain Reload Profiling:
	ReloadAssembly (1233ms)
		BeginReloadAssembly (170ms)
			ExecutionOrderSort (0ms)
			DisableScriptedObjects (5ms)
			BackupInstance (0ms)
			ReleaseScriptingObjects (0ms)
			CreateAndSetChildDomain (18ms)
		EndReloadAssembly (986ms)
			LoadAssemblies (126ms)
			RebuildTransferFunctionScriptingTraits (0ms)
			SetupTypeCache (285ms)
			ReleaseScriptCaches (0ms)
			RebuildScriptCaches (50ms)
			SetupLoadedEditorAssemblies (450ms)
				LogAssemblyErrors (0ms)
				InitializePlatformSupportModulesInManaged (7ms)
				SetLoadedEditorAssemblies (0ms)
				RefreshPlugins (1ms)
				BeforeProcessingInitializeOnLoad (105ms)
				ProcessInitializeOnLoadAttributes (317ms)
				ProcessInitializeOnLoadMethodAttributes (4ms)
				AfterProcessingInitializeOnLoad (15ms)
				EditorAssembliesLoaded (0ms)
			ExecutionOrderSort2 (0ms)
			AwakeInstancesAfterBackupRestoration (7ms)
Platform modules already initialized, skipping
========================================================================
Worker process is ready to serve import requests
Launched and connected shader compiler UnityShaderCompiler.exe after 0.05 seconds
Refreshing native plugins compatible for Editor in 0.70 ms, found 2 plugins.
Preloading 0 native plugins for Editor in 0.00 ms.
Unloading 1645 Unused Serialized files (Serialized files now loaded: 0)
System memory in use before: 103.2 MB.
System memory in use after: 103.3 MB.

Unloading 21 unused Assets to reduce memory usage. Loaded Objects now: 2102.
Total: 2.758900 ms (FindLiveObjects: 0.182300 ms CreateObjectMapping: 0.060900 ms MarkObjects: 2.414700 ms  DeleteObjects: 0.100000 ms)

AssetImportParameters requested are different than current active one (requested -> active):
  custom:framework-win-MediaFoundation: 216162199b28c13a410421893ffa2e32 -> 
  custom:video-decoder-ogg-theora: a1e56fd34408186e4bbccfd4996cb3dc -> 
  custom:container-muxer-webm: aa71ff27fc2769a1b78a27578f13a17b -> 
  custom:container-demuxer-webm: 4f35f7cbe854078d1ac9338744f61a02 -> 
  custom:container-demuxer-ogg: 62fdf1f143b41e24485cea50d1cbac27 -> 
  custom:video-encoder-webm-vp8: eb34c28f22e8b96e1ab97ce403110664 -> 
  custom:video-decoder-webm-vp8: 9c59270c3fd7afecdb556c50c9e8de78 -> 
  custom:audio-decoder-ogg-vorbis: bf7c407c2cedff20999df2af8eb42d56 -> 
  custom:audio-encoder-webm-vorbis: bf7c407c2cedff20999df2af8eb42d56 -> 
========================================================================
Received Import Request.
  path: Assets/Sounds/BGM/PlayBGM.wav
  artifactKey: Guid(3869ab75531f87b4aab9c53358860a25) Importer(815301076,1909f56bfc062723c751e8b465ee728b)
Start importing Assets/Sounds/BGM/PlayBGM.wav using Guid(3869ab75531f87b4aab9c53358860a25) Importer(815301076,1909f56bfc062723c751e8b465ee728b)  -> (artifact id: 'ba6f22cf62fad022ffbfdba6af0b8deb') in 0.171185 seconds 
  Import took 0.174047 seconds .

========================================================================
Received Import Request.
  Time since last request: 21.388423 seconds.
  path: Assets/Sounds/BGM/메인화면브금샘플.mp3
  artifactKey: Guid(0a09c527e1241444b875ecd8bd69c64b) Importer(815301076,1909f56bfc062723c751e8b465ee728b)
Start importing Assets/Sounds/BGM/메인화면브금샘플.mp3 using Guid(0a09c527e1241444b875ecd8bd69c64b) Importer(815301076,1909f56bfc062723c751e8b465ee728b)  -> (artifact id: '3cc1ec0f203a500750043143865c562f') in 0.017839 seconds 
  Import took 0.021039 seconds .

========================================================================
Received Import Request.
  Time since last request: 6.028214 seconds.
  path: Assets/Sounds/BGM/TitleBGM.mp3
  artifactKey: Guid(0a09c527e1241444b875ecd8bd69c64b) Importer(815301076,1909f56bfc062723c751e8b465ee728b)
Start importing Assets/Sounds/BGM/TitleBGM.mp3 using Guid(0a09c527e1241444b875ecd8bd69c64b) Importer(815301076,1909f56bfc062723c751e8b465ee728b)  -> (artifact id: '4ff7ff361e5610b692b24a69e71a45c3') in 0.011332 seconds 
  Import took 0.025922 seconds .

========================================================================
Received Import Request.
  Time since last request: 82.706694 seconds.
  path: Assets/Sounds/BGM/게임시작시.wav
  artifactKey: Guid(424f1661f39288346b14cc8f3ff1aec0) Importer(815301076,1909f56bfc062723c751e8b465ee728b)
Start importing Assets/Sounds/BGM/게임시작시.wav using Guid(424f1661f39288346b14cc8f3ff1aec0) Importer(815301076,1909f56bfc062723c751e8b465ee728b)  -> (artifact id: 'c629ba6a572b35890d18a8b2e128286b') in 0.010478 seconds 
  Import took 0.014135 seconds .

========================================================================
Received Import Request.
  Time since last request: 718.680793 seconds.
  path: Assets/Images/Mapping/Item/Materials
  artifactKey: Guid(e41b06c690a0247489a1cf36b99756c7) Importer(815301076,1909f56bfc062723c751e8b465ee728b)
Start importing Assets/Images/Mapping/Item/Materials using Guid(e41b06c690a0247489a1cf36b99756c7) Importer(815301076,1909f56bfc062723c751e8b465ee728b)  -> (artifact id: '8291b1b5380ad352af4c7c490e300d75') in 0.015036 seconds 
  Import took 0.018990 seconds .

========================================================================
Received Import Request.
  Time since last request: 129.375621 seconds.
  path: Assets/Materials/Item/BeedRed.mat
  artifactKey: Guid(0d0f9977b38f61747b0e3fe352a9063a) Importer(815301076,1909f56bfc062723c751e8b465ee728b)
Start importing Assets/Materials/Item/BeedRed.mat using Guid(0d0f9977b38f61747b0e3fe352a9063a) Importer(815301076,1909f56bfc062723c751e8b465ee728b)  -> (artifact id: '6eb6e5ee5d3928b321eb18a0669c5f21') in 0.039103 seconds 
  Import took 0.041931 seconds .

AssetImportWorkerClient::OnTransportError - code=2 error=End of file
